d:\project\alessandro\questoebeta\bztuts\x64\debug\vc140.pdb
d:\project\alessandro\questoebeta\bztuts\x64\debug\vc140.idb
d:\project\alessandro\questoebeta\bztuts\x64\debug\main.obj
d:\project\alessandro\questoebeta\bztuts\x64\debug\modelmesh.obj
d:\project\alessandro\questoebeta\model loader\x64\debug\vc140.pdb
d:\project\alessandro\questoebeta\model loader\x64\debug\vc140.idb
d:\project\alessandro\questoebeta\model loader\x64\debug\main.obj
d:\project\alessandro\questoebeta\model loader\x64\debug\modelmesh.obj
d:\project\alessandro\questoebeta\x64\debug\model loader.ilk
d:\project\alessandro\questoebeta\x64\debug\model loader.exe
d:\project\alessandro\questoebeta\x64\debug\model loader.pdb
d:\project\alessandro\questoebeta\model loader\x64\debug\model loader.ilk
d:\project\alessandro\questoebeta\model loader\x64\debug\model loader.exe
d:\project\alessandro\questoebeta\model loader\x64\debug\model loader.pdb
d:\project\alessandro\questoebeta\x64\debug\pixelshader.cso
d:\project\alessandro\questoebeta\x64\debug\vertexshader.cso
d:\project\alessandro\questoebeta\model loader\x64\debug\pixelshader.cso
d:\project\alessandro\questoebeta\model loader\x64\debug\vertexshader.cso
d:\project\alessandro\questoebeta\model loader\x64\debug\model loader.tlog\cl.command.1.tlog
d:\project\alessandro\questoebeta\model loader\x64\debug\model loader.tlog\cl.read.1.tlog
d:\project\alessandro\questoebeta\model loader\x64\debug\model loader.tlog\cl.write.1.tlog
d:\project\alessandro\questoebeta\model loader\x64\debug\model loader.tlog\link.command.1.tlog
d:\project\alessandro\questoebeta\model loader\x64\debug\model loader.tlog\link.read.1.tlog
d:\project\alessandro\questoebeta\model loader\x64\debug\model loader.tlog\link.write.1.tlog
d:\project\alessandro\questoebeta\model loader\x64\debug\model loader.tlog\model loader.write.1u.tlog
